0 info it worked if it ends with ok
1 verbose cli [ '/Users/bel/.nvm/versions/node/v7.1.0/bin/node',
1 verbose cli   '/Users/bel/.nvm/versions/node/v7.1.0/bin/npm',
1 verbose cli   'run',
1 verbose cli   'dev' ]
2 info using npm@4.0.2
3 info using node@v7.1.0
4 verbose run-script [ 'predev', 'dev', 'postdev' ]
5 info lifecycle jsx-live@1.0.0~predev: jsx-live@1.0.0
6 silly lifecycle jsx-live@1.0.0~predev: no script for predev, continuing
7 info lifecycle jsx-live@1.0.0~dev: jsx-live@1.0.0
8 verbose lifecycle jsx-live@1.0.0~dev: unsafe-perm in lifecycle true
9 verbose lifecycle jsx-live@1.0.0~dev: PATH: /Users/bel/.nvm/versions/node/v7.1.0/lib/node_modules/npm/bin/node-gyp-bin:/Users/bel/Develop/jsx-live/node_modules/.bin:/Users/bel/.nvm/versions/node/v7.1.0/bin:/usr/local/bin:/usr/bin:/bin:/usr/sbin:/sbin:/Users/bel/n/bin
10 verbose lifecycle jsx-live@1.0.0~dev: CWD: /Users/bel/Develop/jsx-live
11 silly lifecycle jsx-live@1.0.0~dev: Args: [ '-c', 'node webpack-dev-server' ]
12 silly lifecycle jsx-live@1.0.0~dev: Returned: code: 1  signal: null
13 info lifecycle jsx-live@1.0.0~dev: Failed to exec dev script
14 verbose stack Error: jsx-live@1.0.0 dev: `node webpack-dev-server`
14 verbose stack Exit status 1
14 verbose stack     at EventEmitter.<anonymous> (/Users/bel/.nvm/versions/node/v7.1.0/lib/node_modules/npm/lib/utils/lifecycle.js:279:16)
14 verbose stack     at emitTwo (events.js:106:13)
14 verbose stack     at EventEmitter.emit (events.js:191:7)
14 verbose stack     at ChildProcess.<anonymous> (/Users/bel/.nvm/versions/node/v7.1.0/lib/node_modules/npm/lib/utils/spawn.js:40:14)
14 verbose stack     at emitTwo (events.js:106:13)
14 verbose stack     at ChildProcess.emit (events.js:191:7)
14 verbose stack     at maybeClose (internal/child_process.js:885:16)
14 verbose stack     at Process.ChildProcess._handle.onexit (internal/child_process.js:226:5)
15 verbose pkgid jsx-live@1.0.0
16 verbose cwd /Users/bel/Develop/jsx-live
17 error Darwin 14.5.0
18 error argv "/Users/bel/.nvm/versions/node/v7.1.0/bin/node" "/Users/bel/.nvm/versions/node/v7.1.0/bin/npm" "run" "dev"
19 error node v7.1.0
20 error npm  v4.0.2
21 error code ELIFECYCLE
22 error jsx-live@1.0.0 dev: `node webpack-dev-server`
22 error Exit status 1
23 error Failed at the jsx-live@1.0.0 dev script 'node webpack-dev-server'.
23 error Make sure you have the latest version of node.js and npm installed.
23 error If you do, this is most likely a problem with the jsx-live package,
23 error not with npm itself.
23 error Tell the author that this fails on your system:
23 error     node webpack-dev-server
23 error You can get information on how to open an issue for this project with:
23 error     npm bugs jsx-live
23 error Or if that isn't available, you can get their info via:
23 error     npm owner ls jsx-live
23 error There is likely additional logging output above.
24 verbose exit [ 1, true ]
